[    2411ms] Error: Minified React error #425; visit https://reactjs.org/docs/error-decoder.html?invariant=425 for the full message or use the non-minified dev environment for full errors and additional helpful warnings.
    at Qr (https://2024.stateofjs.com/app-543d0af271690c538d07.js:2:405388)
    at gs (https://2024.stateofjs.com/app-543d0af271690c538d07.js:2:436302)
    at uc (https://2024.stateofjs.com/app-543d0af271690c538d07.js:2:468443)
    at cc (https://2024.stateofjs.com/app-543d0af271690c538d07.js:2:468183)
    at sc (https://2024.stateofjs.com/app-543d0af271690c538d07.js:2:468050)
    at ic (https://2024.stateofjs.com/app-543d0af271690c538d07.js:2:467913)
    at Gl (https://2024.stateofjs.com/app-543d0af271690c538d07.js:2:463116)
    at k (https://2024.stateofjs.com/app-543d0af271690c538d07.js:2:508310)
    at MessagePort.R (https://2024.stateofjs.com/app-543d0af271690c538d07.js:2:508842)
[    2413ms] Error: Minified React error #418; visit https://reactjs.org/docs/error-decoder.html?invariant=418 for the full message or use the non-minified dev environment for full errors and additional helpful warnings.
    at jo (https://2024.stateofjs.com/app-543d0af271690c538d07.js:2:416270)
    at pl (https://2024.stateofjs.com/app-543d0af271690c538d07.js:2:482590)
    at cc (https://2024.stateofjs.com/app-543d0af271690c538d07.js:2:468122)
    at sc (https://2024.stateofjs.com/app-543d0af271690c538d07.js:2:468050)
    at ic (https://2024.stateofjs.com/app-543d0af271690c538d07.js:2:467913)
    at Gl (https://2024.stateofjs.com/app-543d0af271690c538d07.js:2:463116)
    at k (https://2024.stateofjs.com/app-543d0af271690c538d07.js:2:508310)
    at MessagePort.R (https://2024.stateofjs.com/app-543d0af271690c538d07.js:2:508842)
[    2415ms] Error: Minified React error #423; visit https://reactjs.org/docs/error-decoder.html?invariant=423 for the full message or use the non-minified dev environment for full errors and additional helpful warnings.
    at pl (https://2024.stateofjs.com/app-543d0af271690c538d07.js:2:482285)
    at cc (https://2024.stateofjs.com/app-543d0af271690c538d07.js:2:468122)
    at sc (https://2024.stateofjs.com/app-543d0af271690c538d07.js:2:468050)
    at ic (https://2024.stateofjs.com/app-543d0af271690c538d07.js:2:467913)
    at Kl (https://2024.stateofjs.com/app-543d0af271690c538d07.js:2:464765)
    at Gl (https://2024.stateofjs.com/app-543d0af271690c538d07.js:2:463335)
    at k (https://2024.stateofjs.com/app-543d0af271690c538d07.js:2:508310)
    at MessagePort.R (https://2024.stateofjs.com/app-543d0af271690c538d07.js:2:508842)
